{"/Users/kennylai/Desktop/FSA/Server/app.js": {"path":"/Users/kennylai/Desktop/FSA/Server/app.js","statementMap":{"0":{"start":{"line":9,"column":12},"end":{"line":9,"column":21}},"1":{"start":{"line":13,"column":0},"end":{"line":13,"column":23}},"2":{"start":{"line":15,"column":0},"end":{"line":15,"column":15}},"3":{"start":{"line":18,"column":0},"end":{"line":18,"column":21}},"4":{"start":{"line":19,"column":0},"end":{"line":19,"column":19}},"5":{"start":{"line":22,"column":0},"end":{"line":22,"column":80}},"6":{"start":{"line":22,"column":36},"end":{"line":22,"column":79}}},"fnMap":{"0":{"name":"(anonymous_0)","decl":{"start":{"line":22,"column":13},"end":{"line":22,"column":14}},"loc":{"start":{"line":22,"column":36},"end":{"line":22,"column":79}},"line":22}},"branchMap":{},"s":{"0":3,"1":3,"2":3,"3":3,"4":3,"5":3,"6":1},"f":{"0":1},"b":{},"_coverageSchema":"1a1c01bbd47fc00a2c39e90264f33305004495a9","hash":"73d53f32e5f6ac77e2968233aa9b11ab443135b6"}
,"/Users/kennylai/Desktop/FSA/Server/db.js": {"path":"/Users/kennylai/Desktop/FSA/Server/db.js","statementMap":{"0":{"start":{"line":3,"column":0},"end":{"line":3,"column":15}},"1":{"start":{"line":14,"column":0},"end":{"line":14,"column":33}},"2":{"start":{"line":17,"column":4},"end":{"line":17,"column":37}},"3":{"start":{"line":18,"column":4},"end":{"line":18,"column":40}},"4":{"start":{"line":22,"column":0},"end":{"line":28,"column":1}},"5":{"start":{"line":23,"column":14},"end":{"line":23,"column":62}},"6":{"start":{"line":24,"column":4},"end":{"line":24,"column":106}},"7":{"start":{"line":27,"column":4},"end":{"line":27,"column":20}},"8":{"start":{"line":33,"column":21},"end":{"line":51,"column":2}},"9":{"start":{"line":53,"column":20},"end":{"line":53,"column":58}},"10":{"start":{"line":57,"column":19},"end":{"line":61,"column":2}},"11":{"start":{"line":63,"column":18},"end":{"line":63,"column":52}}},"fnMap":{"0":{"name":"dbClose","decl":{"start":{"line":16,"column":15},"end":{"line":16,"column":22}},"loc":{"start":{"line":16,"column":25},"end":{"line":19,"column":1}},"line":16}},"branchMap":{"0":{"loc":{"start":{"line":24,"column":16},"end":{"line":24,"column":105}},"type":"cond-expr","locations":[{"start":{"line":24,"column":48},"end":{"line":24,"column":71}},{"start":{"line":24,"column":74},"end":{"line":24,"column":105}}],"line":24}},"s":{"0":3,"1":3,"2":0,"3":0,"4":3,"5":3,"6":3,"7":0,"8":3,"9":3,"10":3,"11":3},"f":{"0":0},"b":{"0":[3,0]},"_coverageSchema":"1a1c01bbd47fc00a2c39e90264f33305004495a9","hash":"3d3524b5aeda5daaf8ab4a5c28e7662ccaa99977"}
,"/Users/kennylai/Desktop/FSA/Server/routes/recipe_routes.js": {"path":"/Users/kennylai/Desktop/FSA/Server/routes/recipe_routes.js","statementMap":{"0":{"start":{"line":5,"column":15},"end":{"line":5,"column":31}},"1":{"start":{"line":8,"column":0},"end":{"line":19,"column":2}},"2":{"start":{"line":9,"column":4},"end":{"line":18,"column":5}},"3":{"start":{"line":10,"column":24},"end":{"line":13,"column":70}},"4":{"start":{"line":14,"column":8},"end":{"line":14,"column":25}},"5":{"start":{"line":17,"column":8},"end":{"line":17,"column":50}},"6":{"start":{"line":22,"column":0},"end":{"line":44,"column":2}},"7":{"start":{"line":23,"column":4},"end":{"line":43,"column":5}},"8":{"start":{"line":25,"column":90},"end":{"line":25,"column":98}},"9":{"start":{"line":26,"column":26},"end":{"line":36,"column":25}},"10":{"start":{"line":37,"column":31},"end":{"line":37,"column":66}},"11":{"start":{"line":39,"column":8},"end":{"line":39,"column":107}},"12":{"start":{"line":42,"column":8},"end":{"line":42,"column":52}},"13":{"start":{"line":47,"column":0},"end":{"line":62,"column":2}},"14":{"start":{"line":48,"column":4},"end":{"line":61,"column":5}},"15":{"start":{"line":49,"column":23},"end":{"line":52,"column":70}},"16":{"start":{"line":53,"column":8},"end":{"line":57,"column":9}},"17":{"start":{"line":54,"column":12},"end":{"line":54,"column":28}},"18":{"start":{"line":56,"column":12},"end":{"line":56,"column":63}},"19":{"start":{"line":60,"column":8},"end":{"line":60,"column":50}},"20":{"start":{"line":93,"column":0},"end":{"line":114,"column":2}},"21":{"start":{"line":94,"column":4},"end":{"line":113,"column":5}},"22":{"start":{"line":95,"column":37},"end":{"line":95,"column":45}},"23":{"start":{"line":97,"column":23},"end":{"line":97,"column":79}},"24":{"start":{"line":98,"column":27},"end":{"line":101,"column":9}},"25":{"start":{"line":102,"column":23},"end":{"line":102,"column":64}},"26":{"start":{"line":103,"column":8},"end":{"line":109,"column":9}},"27":{"start":{"line":104,"column":12},"end":{"line":104,"column":46}},"28":{"start":{"line":105,"column":12},"end":{"line":105,"column":31}},"29":{"start":{"line":106,"column":12},"end":{"line":106,"column":40}},"30":{"start":{"line":108,"column":12},"end":{"line":108,"column":63}},"31":{"start":{"line":112,"column":8},"end":{"line":112,"column":50}},"32":{"start":{"line":117,"column":0},"end":{"line":132,"column":2}},"33":{"start":{"line":118,"column":4},"end":{"line":131,"column":5}},"34":{"start":{"line":120,"column":72},"end":{"line":120,"column":80}},"35":{"start":{"line":121,"column":28},"end":{"line":121,"column":83}},"36":{"start":{"line":122,"column":22},"end":{"line":122,"column":119}},"37":{"start":{"line":123,"column":8},"end":{"line":127,"column":9}},"38":{"start":{"line":124,"column":12},"end":{"line":124,"column":27}},"39":{"start":{"line":126,"column":12},"end":{"line":126,"column":61}},"40":{"start":{"line":130,"column":8},"end":{"line":130,"column":51}},"41":{"start":{"line":135,"column":0},"end":{"line":146,"column":2}},"42":{"start":{"line":136,"column":4},"end":{"line":145,"column":5}},"43":{"start":{"line":137,"column":23},"end":{"line":137,"column":112}},"44":{"start":{"line":138,"column":8},"end":{"line":142,"column":9}},"45":{"start":{"line":139,"column":12},"end":{"line":139,"column":28}},"46":{"start":{"line":141,"column":12},"end":{"line":141,"column":65}},"47":{"start":{"line":144,"column":8},"end":{"line":144,"column":54}},"48":{"start":{"line":149,"column":0},"end":{"line":161,"column":2}},"49":{"start":{"line":150,"column":4},"end":{"line":160,"column":5}},"50":{"start":{"line":151,"column":23},"end":{"line":151,"column":80}},"51":{"start":{"line":152,"column":8},"end":{"line":156,"column":9}},"52":{"start":{"line":153,"column":12},"end":{"line":153,"column":31}},"53":{"start":{"line":155,"column":12},"end":{"line":155,"column":63}},"54":{"start":{"line":159,"column":8},"end":{"line":159,"column":50}},"55":{"start":{"line":165,"column":0},"end":{"line":188,"column":2}},"56":{"start":{"line":166,"column":4},"end":{"line":187,"column":5}},"57":{"start":{"line":167,"column":23},"end":{"line":167,"column":70}},"58":{"start":{"line":168,"column":8},"end":{"line":184,"column":9}},"59":{"start":{"line":169,"column":33},"end":{"line":171,"column":13}},"60":{"start":{"line":170,"column":23},"end":{"line":170,"column":70}},"61":{"start":{"line":172,"column":12},"end":{"line":181,"column":13}},"62":{"start":{"line":173,"column":16},"end":{"line":173,"column":55}},"63":{"start":{"line":174,"column":16},"end":{"line":174,"column":35}},"64":{"start":{"line":175,"column":16},"end":{"line":178,"column":18}},"65":{"start":{"line":180,"column":16},"end":{"line":180,"column":70}},"66":{"start":{"line":183,"column":12},"end":{"line":183,"column":65}},"67":{"start":{"line":186,"column":8},"end":{"line":186,"column":52}}},"fnMap":{"0":{"name":"(anonymous_0)","decl":{"start":{"line":8,"column":23},"end":{"line":8,"column":24}},"loc":{"start":{"line":8,"column":43},"end":{"line":19,"column":1}},"line":8},"1":{"name":"(anonymous_1)","decl":{"start":{"line":22,"column":24},"end":{"line":22,"column":25}},"loc":{"start":{"line":22,"column":44},"end":{"line":44,"column":1}},"line":22},"2":{"name":"(anonymous_2)","decl":{"start":{"line":47,"column":27},"end":{"line":47,"column":28}},"loc":{"start":{"line":47,"column":47},"end":{"line":62,"column":1}},"line":47},"3":{"name":"(anonymous_3)","decl":{"start":{"line":93,"column":35},"end":{"line":93,"column":36}},"loc":{"start":{"line":93,"column":55},"end":{"line":114,"column":1}},"line":93},"4":{"name":"(anonymous_4)","decl":{"start":{"line":117,"column":29},"end":{"line":117,"column":30}},"loc":{"start":{"line":117,"column":49},"end":{"line":132,"column":1}},"line":117},"5":{"name":"(anonymous_5)","decl":{"start":{"line":135,"column":34},"end":{"line":135,"column":35}},"loc":{"start":{"line":135,"column":54},"end":{"line":146,"column":1}},"line":135},"6":{"name":"(anonymous_6)","decl":{"start":{"line":149,"column":30},"end":{"line":149,"column":31}},"loc":{"start":{"line":149,"column":50},"end":{"line":161,"column":1}},"line":149},"7":{"name":"(anonymous_7)","decl":{"start":{"line":165,"column":56},"end":{"line":165,"column":57}},"loc":{"start":{"line":165,"column":76},"end":{"line":188,"column":1}},"line":165},"8":{"name":"(anonymous_8)","decl":{"start":{"line":170,"column":12},"end":{"line":170,"column":13}},"loc":{"start":{"line":170,"column":23},"end":{"line":170,"column":70}},"line":170}},"branchMap":{"0":{"loc":{"start":{"line":33,"column":19},"end":{"line":33,"column":124}},"type":"binary-expr","locations":[{"start":{"line":33,"column":19},"end":{"line":33,"column":24}},{"start":{"line":33,"column":28},"end":{"line":33,"column":124}}],"line":33},"1":{"loc":{"start":{"line":53,"column":8},"end":{"line":57,"column":9}},"type":"if","locations":[{"start":{"line":53,"column":8},"end":{"line":57,"column":9}},{"start":{"line":55,"column":15},"end":{"line":57,"column":9}}],"line":53},"2":{"loc":{"start":{"line":103,"column":8},"end":{"line":109,"column":9}},"type":"if","locations":[{"start":{"line":103,"column":8},"end":{"line":109,"column":9}},{"start":{"line":107,"column":15},"end":{"line":109,"column":9}}],"line":103},"3":{"loc":{"start":{"line":123,"column":8},"end":{"line":127,"column":9}},"type":"if","locations":[{"start":{"line":123,"column":8},"end":{"line":127,"column":9}},{"start":{"line":125,"column":15},"end":{"line":127,"column":9}}],"line":123},"4":{"loc":{"start":{"line":138,"column":8},"end":{"line":142,"column":9}},"type":"if","locations":[{"start":{"line":138,"column":8},"end":{"line":142,"column":9}},{"start":{"line":140,"column":15},"end":{"line":142,"column":9}}],"line":138},"5":{"loc":{"start":{"line":152,"column":8},"end":{"line":156,"column":9}},"type":"if","locations":[{"start":{"line":152,"column":8},"end":{"line":156,"column":9}},{"start":{"line":154,"column":15},"end":{"line":156,"column":9}}],"line":152},"6":{"loc":{"start":{"line":168,"column":8},"end":{"line":184,"column":9}},"type":"if","locations":[{"start":{"line":168,"column":8},"end":{"line":184,"column":9}},{"start":{"line":182,"column":15},"end":{"line":184,"column":9}}],"line":168},"7":{"loc":{"start":{"line":172,"column":12},"end":{"line":181,"column":13}},"type":"if","locations":[{"start":{"line":172,"column":12},"end":{"line":181,"column":13}},{"start":{"line":179,"column":19},"end":{"line":181,"column":13}}],"line":172}},"s":{"0":3,"1":3,"2":1,"3":1,"4":1,"5":0,"6":3,"7":2,"8":2,"9":2,"10":2,"11":1,"12":1,"13":3,"14":3,"15":3,"16":2,"17":1,"18":1,"19":1,"20":3,"21":2,"22":2,"23":2,"24":2,"25":2,"26":1,"27":1,"28":1,"29":1,"30":0,"31":1,"32":3,"33":3,"34":3,"35":3,"36":3,"37":2,"38":1,"39":1,"40":1,"41":3,"42":4,"43":4,"44":3,"45":2,"46":1,"47":1,"48":3,"49":3,"50":3,"51":2,"52":1,"53":1,"54":1,"55":3,"56":3,"57":3,"58":2,"59":1,"60":1,"61":1,"62":1,"63":1,"64":1,"65":0,"66":1,"67":1},"f":{"0":1,"1":2,"2":3,"3":2,"4":3,"5":4,"6":3,"7":3,"8":1},"b":{"0":[2,2],"1":[1,1],"2":[1,0],"3":[1,1],"4":[2,1],"5":[1,1],"6":[1,1],"7":[1,0]},"_coverageSchema":"1a1c01bbd47fc00a2c39e90264f33305004495a9","hash":"af7573111c31fc9966e02fa8dc9f647ae204ead0"}
,"/Users/kennylai/Desktop/FSA/Server/routes/user_routes.js": {"path":"/Users/kennylai/Desktop/FSA/Server/routes/user_routes.js","statementMap":{"0":{"start":{"line":4,"column":15},"end":{"line":4,"column":31}},"1":{"start":{"line":10,"column":0},"end":{"line":19,"column":2}},"2":{"start":{"line":11,"column":4},"end":{"line":18,"column":5}},"3":{"start":{"line":12,"column":22},"end":{"line":13,"column":28}},"4":{"start":{"line":14,"column":8},"end":{"line":14,"column":28}},"5":{"start":{"line":17,"column":8},"end":{"line":17,"column":55}},"6":{"start":{"line":22,"column":0},"end":{"line":38,"column":2}},"7":{"start":{"line":23,"column":4},"end":{"line":37,"column":5}},"8":{"start":{"line":24,"column":21},"end":{"line":26,"column":76}},"9":{"start":{"line":27,"column":8},"end":{"line":33,"column":69}},"10":{"start":{"line":28,"column":12},"end":{"line":28,"column":31}},"11":{"start":{"line":30,"column":13},"end":{"line":33,"column":69}},"12":{"start":{"line":31,"column":25},"end":{"line":31,"column":136}},"13":{"start":{"line":32,"column":12},"end":{"line":32,"column":43}},"14":{"start":{"line":32,"column":23},"end":{"line":32,"column":42}},"15":{"start":{"line":33,"column":14},"end":{"line":33,"column":68}},"16":{"start":{"line":36,"column":8},"end":{"line":36,"column":55}},"17":{"start":{"line":56,"column":0},"end":{"line":68,"column":2}},"18":{"start":{"line":57,"column":4},"end":{"line":67,"column":5}},"19":{"start":{"line":58,"column":21},"end":{"line":59,"column":28}},"20":{"start":{"line":60,"column":8},"end":{"line":64,"column":9}},"21":{"start":{"line":61,"column":12},"end":{"line":61,"column":26}},"22":{"start":{"line":63,"column":12},"end":{"line":63,"column":63}},"23":{"start":{"line":66,"column":8},"end":{"line":66,"column":54}},"24":{"start":{"line":71,"column":0},"end":{"line":83,"column":2}},"25":{"start":{"line":72,"column":4},"end":{"line":82,"column":5}},"26":{"start":{"line":73,"column":21},"end":{"line":77,"column":9}},"27":{"start":{"line":78,"column":8},"end":{"line":78,"column":27}},"28":{"start":{"line":81,"column":8},"end":{"line":81,"column":57}}},"fnMap":{"0":{"name":"(anonymous_0)","decl":{"start":{"line":10,"column":21},"end":{"line":10,"column":22}},"loc":{"start":{"line":10,"column":50},"end":{"line":19,"column":1}},"line":10},"1":{"name":"(anonymous_1)","decl":{"start":{"line":22,"column":26},"end":{"line":22,"column":27}},"loc":{"start":{"line":22,"column":55},"end":{"line":38,"column":1}},"line":22},"2":{"name":"(anonymous_2)","decl":{"start":{"line":56,"column":27},"end":{"line":56,"column":28}},"loc":{"start":{"line":56,"column":47},"end":{"line":68,"column":1}},"line":56},"3":{"name":"(anonymous_3)","decl":{"start":{"line":71,"column":41},"end":{"line":71,"column":42}},"loc":{"start":{"line":71,"column":70},"end":{"line":83,"column":1}},"line":71}},"branchMap":{"0":{"loc":{"start":{"line":27,"column":8},"end":{"line":33,"column":69}},"type":"if","locations":[{"start":{"line":27,"column":8},"end":{"line":33,"column":69}},{"start":{"line":30,"column":13},"end":{"line":33,"column":69}}],"line":27},"1":{"loc":{"start":{"line":30,"column":13},"end":{"line":33,"column":69}},"type":"if","locations":[{"start":{"line":30,"column":13},"end":{"line":33,"column":69}},{"start":{"line":33,"column":13},"end":{"line":33,"column":69}}],"line":30},"2":{"loc":{"start":{"line":32,"column":12},"end":{"line":32,"column":43}},"type":"if","locations":[{"start":{"line":32,"column":12},"end":{"line":32,"column":43}},{"start":{},"end":{}}],"line":32},"3":{"loc":{"start":{"line":60,"column":8},"end":{"line":64,"column":9}},"type":"if","locations":[{"start":{"line":60,"column":8},"end":{"line":64,"column":9}},{"start":{"line":62,"column":15},"end":{"line":64,"column":9}}],"line":60}},"s":{"0":3,"1":3,"2":1,"3":1,"4":1,"5":0,"6":3,"7":2,"8":2,"9":2,"10":1,"11":1,"12":0,"13":0,"14":0,"15":1,"16":0,"17":3,"18":3,"19":3,"20":2,"21":1,"22":1,"23":1,"24":3,"25":2,"26":2,"27":1,"28":1},"f":{"0":1,"1":2,"2":3,"3":2},"b":{"0":[1,1],"1":[0,1],"2":[0,0],"3":[1,1]},"_coverageSchema":"1a1c01bbd47fc00a2c39e90264f33305004495a9","hash":"08dd3df02fb2a69c0bf8c85b0237d0093c4af6df"}
}
