TN:
SF:app.js
FN:22,(anonymous_0)
FNF:1
FNH:1
FNDA:1,(anonymous_0)
DA:9,3
DA:13,3
DA:15,3
DA:18,3
DA:19,3
DA:22,3
LF:6
LH:6
BRF:0
BRH:0
end_of_record
TN:
SF:db.js
FN:16,dbClose
FNF:1
FNH:0
FNDA:0,dbClose
DA:3,3
DA:14,3
DA:17,0
DA:18,0
DA:22,3
DA:23,3
DA:24,3
DA:27,0
DA:33,3
DA:53,3
DA:57,3
DA:63,3
LF:12
LH:9
BRDA:24,0,0,3
BRDA:24,0,1,0
BRF:2
BRH:1
end_of_record
TN:
SF:routes/recipe_routes.js
FN:8,(anonymous_0)
FN:22,(anonymous_1)
FN:47,(anonymous_2)
FN:93,(anonymous_3)
FN:117,(anonymous_4)
FN:135,(anonymous_5)
FN:149,(anonymous_6)
FN:165,(anonymous_7)
FN:170,(anonymous_8)
FNF:9
FNH:9
FNDA:1,(anonymous_0)
FNDA:2,(anonymous_1)
FNDA:3,(anonymous_2)
FNDA:2,(anonymous_3)
FNDA:3,(anonymous_4)
FNDA:4,(anonymous_5)
FNDA:3,(anonymous_6)
FNDA:3,(anonymous_7)
FNDA:1,(anonymous_8)
DA:5,3
DA:8,3
DA:9,1
DA:10,1
DA:14,1
DA:17,0
DA:22,3
DA:23,2
DA:25,2
DA:26,2
DA:37,2
DA:39,1
DA:42,1
DA:47,3
DA:48,3
DA:49,3
DA:53,2
DA:54,1
DA:56,1
DA:60,1
DA:93,3
DA:94,2
DA:95,2
DA:97,2
DA:98,2
DA:102,2
DA:103,1
DA:104,1
DA:105,1
DA:106,1
DA:108,0
DA:112,1
DA:117,3
DA:118,3
DA:120,3
DA:121,3
DA:122,3
DA:123,2
DA:124,1
DA:126,1
DA:130,1
DA:135,3
DA:136,4
DA:137,4
DA:138,3
DA:139,2
DA:141,1
DA:144,1
DA:149,3
DA:150,3
DA:151,3
DA:152,2
DA:153,1
DA:155,1
DA:159,1
DA:165,3
DA:166,3
DA:167,3
DA:168,2
DA:169,1
DA:170,1
DA:172,1
DA:173,1
DA:174,1
DA:175,1
DA:180,0
DA:183,1
DA:186,1
LF:68
LH:65
BRDA:33,0,0,2
BRDA:33,0,1,2
BRDA:53,1,0,1
BRDA:53,1,1,1
BRDA:103,2,0,1
BRDA:103,2,1,0
BRDA:123,3,0,1
BRDA:123,3,1,1
BRDA:138,4,0,2
BRDA:138,4,1,1
BRDA:152,5,0,1
BRDA:152,5,1,1
BRDA:168,6,0,1
BRDA:168,6,1,1
BRDA:172,7,0,1
BRDA:172,7,1,0
BRF:16
BRH:14
end_of_record
TN:
SF:routes/user_routes.js
FN:10,(anonymous_0)
FN:22,(anonymous_1)
FN:56,(anonymous_2)
FN:71,(anonymous_3)
FNF:4
FNH:4
FNDA:1,(anonymous_0)
FNDA:2,(anonymous_1)
FNDA:3,(anonymous_2)
FNDA:2,(anonymous_3)
DA:4,3
DA:10,3
DA:11,1
DA:12,1
DA:14,1
DA:17,0
DA:22,3
DA:23,2
DA:24,2
DA:27,2
DA:28,1
DA:30,1
DA:31,0
DA:32,0
DA:33,1
DA:36,0
DA:56,3
DA:57,3
DA:58,3
DA:60,2
DA:61,1
DA:63,1
DA:66,1
DA:71,3
DA:72,2
DA:73,2
DA:78,1
DA:81,1
LF:28
LH:24
BRDA:27,0,0,1
BRDA:27,0,1,1
BRDA:30,1,0,0
BRDA:30,1,1,1
BRDA:32,2,0,0
BRDA:32,2,1,0
BRDA:60,3,0,1
BRDA:60,3,1,1
BRF:8
BRH:5
end_of_record
